0 info it worked if it ends with ok
1 warn npm npm does not support Node.js v0.10.25
2 warn npm You should probably upgrade to a newer version of node as we
3 warn npm can't make any promises that npm will work with this version.
4 warn npm You can find the latest version at https://nodejs.org/
5 verbose cli [ 'node', '/usr/bin/npm', 'install', '-g', 'diff-so-fancy' ]
6 info using npm@4.0.5
7 info using node@v0.10.25
8 verbose node symlink /usr/bin/node
9 silly loadCurrentTree Starting
10 silly install loadCurrentTree
11 silly install readGlobalPackageData
12 silly fetchPackageMetaData diff-so-fancy
13 silly fetchNamedPackageData diff-so-fancy
14 silly mapToRegistry name diff-so-fancy
15 silly mapToRegistry using default registry
16 silly mapToRegistry registry https://registry.npmjs.org/
17 silly mapToRegistry data { raw: 'diff-so-fancy',
17 silly mapToRegistry   scope: null,
17 silly mapToRegistry   escapedName: 'diff-so-fancy',
17 silly mapToRegistry   name: 'diff-so-fancy',
17 silly mapToRegistry   rawSpec: '',
17 silly mapToRegistry   spec: 'latest',
17 silly mapToRegistry   type: 'tag' }
18 silly mapToRegistry uri https://registry.npmjs.org/diff-so-fancy
19 verbose request uri https://registry.npmjs.org/diff-so-fancy
20 verbose request no auth needed
21 info attempt registry request try #1 at 17:43:41
22 verbose request id 023f32c7dc9d6503
23 verbose etag W/"5878b141-b41c"
24 verbose lastModified Fri, 13 Jan 2017 10:51:45 GMT
25 http request GET https://registry.npmjs.org/diff-so-fancy
26 http 304 https://registry.npmjs.org/diff-so-fancy
27 verbose headers { date: 'Tue, 17 Jan 2017 16:43:41 GMT',
27 verbose headers   via: '1.1 varnish',
27 verbose headers   'cache-control': 'max-age=300',
27 verbose headers   etag: 'W/"5878b141-b41c"',
27 verbose headers   age: '275',
27 verbose headers   connection: 'keep-alive',
27 verbose headers   'x-served-by': 'cache-hhn1523-HHN',
27 verbose headers   'x-cache': 'HIT',
27 verbose headers   'x-cache-hits': '1',
27 verbose headers   'x-timer': 'S1484671421.861209,VS0,VE0',
27 verbose headers   vary: 'Accept-Encoding' }
28 silly get cb [ 304,
28 silly get   { date: 'Tue, 17 Jan 2017 16:43:41 GMT',
28 silly get     via: '1.1 varnish',
28 silly get     'cache-control': 'max-age=300',
28 silly get     etag: 'W/"5878b141-b41c"',
28 silly get     age: '275',
28 silly get     connection: 'keep-alive',
28 silly get     'x-served-by': 'cache-hhn1523-HHN',
28 silly get     'x-cache': 'HIT',
28 silly get     'x-cache-hits': '1',
28 silly get     'x-timer': 'S1484671421.861209,VS0,VE0',
28 silly get     vary: 'Accept-Encoding' } ]
29 verbose etag https://registry.npmjs.org/diff-so-fancy from cache
30 verbose get saving diff-so-fancy to /home/matthieu/.npm/registry.npmjs.org/diff-so-fancy/.cache.json
31 verbose correctMkdir /home/matthieu/.npm correctMkdir not in flight; initializing
32 silly install normalizeTree
33 silly loadCurrentTree Finishing
34 silly loadIdealTree Starting
35 silly install loadIdealTree
36 silly cloneCurrentTree Starting
37 silly install cloneCurrentTreeToIdealTree
38 silly cloneCurrentTree Finishing
39 silly loadShrinkwrap Starting
40 silly install loadShrinkwrap
41 silly loadShrinkwrap Finishing
42 silly loadAllDepsIntoIdealTree Starting
43 silly install loadAllDepsIntoIdealTree
44 silly resolveWithNewModule diff-so-fancy@0.11.2 checking installable status
45 silly cache add args [ 'diff-so-fancy', null ]
46 verbose cache add spec diff-so-fancy
47 silly cache add parsed spec { raw: 'diff-so-fancy',
47 silly cache add   scope: null,
47 silly cache add   escapedName: 'diff-so-fancy',
47 silly cache add   name: 'diff-so-fancy',
47 silly cache add   rawSpec: '',
47 silly cache add   spec: 'latest',
47 silly cache add   type: 'tag' }
48 silly addNamed diff-so-fancy@latest
49 verbose addNamed "latest" is being treated as a dist-tag for diff-so-fancy
50 info addNameTag [ 'diff-so-fancy', 'latest' ]
51 silly mapToRegistry name diff-so-fancy
52 silly mapToRegistry using default registry
53 silly mapToRegistry registry https://registry.npmjs.org/
54 silly mapToRegistry data { raw: 'diff-so-fancy',
54 silly mapToRegistry   scope: null,
54 silly mapToRegistry   escapedName: 'diff-so-fancy',
54 silly mapToRegistry   name: 'diff-so-fancy',
54 silly mapToRegistry   rawSpec: '',
54 silly mapToRegistry   spec: 'latest',
54 silly mapToRegistry   type: 'tag' }
55 silly mapToRegistry uri https://registry.npmjs.org/diff-so-fancy
56 verbose addNameTag registry:https://registry.npmjs.org/diff-so-fancy not in flight; fetching
57 verbose get https://registry.npmjs.org/diff-so-fancy not expired, no request
58 silly addNameTag next cb for diff-so-fancy with tag latest
59 silly addNamed diff-so-fancy@0.11.2
60 verbose addNamed "0.11.2" is a plain semver version for diff-so-fancy
61 silly cache afterAdd diff-so-fancy@0.11.2
62 verbose afterAdd /home/matthieu/.npm/diff-so-fancy/0.11.2/package/package.json not in flight; writing
63 verbose correctMkdir /home/matthieu/.npm correctMkdir not in flight; initializing
64 verbose afterAdd /home/matthieu/.npm/diff-so-fancy/0.11.2/package/package.json written
65 silly loadAllDepsIntoIdealTree Finishing
66 silly loadIdealTree Finishing
67 silly currentTree lib
68 silly idealTree lib
68 silly idealTree └── diff-so-fancy@0.11.2
69 silly generateActionsToTake Starting
70 silly install generateActionsToTake
71 warn checkPermissions Missing write access to /usr/lib/node_modules
72 silly rollbackFailedOptional Starting
73 silly rollbackFailedOptional Finishing
74 silly runTopLevelLifecycles Finishing
75 silly install printInstalled
76 verbose stack Error: EACCES, access '/usr/lib/node_modules'
76 verbose stack     at module.exports (/usr/lib/node_modules/npm/lib/install/access-error.js:4:18)
76 verbose stack     at /usr/lib/node_modules/npm/lib/install/writable.js:30:25
76 verbose stack     at /usr/lib/node_modules/npm/node_modules/graceful-fs/graceful-fs.js:241:16
76 verbose stack     at Object.oncomplete (fs.js:107:15)
77 verbose cwd /home/matthieu/.terminal_config
78 error Linux 4.4.0-59-generic
79 error argv "node" "/usr/bin/npm" "install" "-g" "diff-so-fancy"
80 error node v0.10.25
81 error npm  v4.0.5
82 error path /usr/lib/node_modules
83 error code EACCES
84 error Error: EACCES, access '/usr/lib/node_modules'
84 error     at module.exports (/usr/lib/node_modules/npm/lib/install/access-error.js:4:18)
84 error     at /usr/lib/node_modules/npm/lib/install/writable.js:30:25
84 error     at /usr/lib/node_modules/npm/node_modules/graceful-fs/graceful-fs.js:241:16
84 error     at Object.oncomplete (fs.js:107:15)
84 error  { [Error: EACCES, access '/usr/lib/node_modules'] code: 'EACCES', path: '/usr/lib/node_modules' }
85 error Please try running this command again as root/Administrator.
86 verbose exit [ 1, true ]
